<?xml version="1.0" encoding="UTF-8"?>
<!-- Generated by org.testng.reporters.JUnitXMLReporter -->
<testsuite ignored="0" hostname="DESKTOP-1K8FQ98" failures="1" tests="8" name="Test" time="0.061" errors="0" timestamp="2020-01-11T15:05:49 EST">
  <testcase classname="com.testing.Testing1" name="test1" time="0.008"/>
  <testcase classname="com.testing.Testing1" name="test2" time="0.001"/>
  <testcase classname="com.testing.Testing1" name="test3" time="0.001"/>
  <testcase classname="com.testing.Testing2" name="test4" time="0.001"/>
  <testcase classname="com.testing.Testing2" name="test5" time="0.001"/>
  <testcase classname="com.testing.Testing3" name="hometest" time="0.002"/>
  <testcase classname="com.testing.Testing3" name="maintest" time="0.004">
    <failure type="java.lang.AssertionError" message="The following asserts failed:
	Varifying element did not expect to find [true] but found [false]">
      <![CDATA[java.lang.AssertionError: The following asserts failed:
Varifying element did not expect to find [true] but found [false]
at com.testing.Testing3.maintest(Testing3.java:27)
at java.base/java.util.ArrayList.forEach(ArrayList.java:1507)
... Removed 29 stack frames]]>
    </failure>
  </testcase> <!-- maintest -->
  <testcase classname="com.testing.Testing3" name="endtest" time="0.0">
    <skipped/>
  </testcase> <!-- endtest -->
</testsuite> <!-- Test -->
